[20:40:43] [Datafixer Bootstrap/INFO]: 180 Datafixer optimizations took 75 milliseconds
[20:40:44] [Render thread/INFO]: Environment: authHost='https://authserver.mojang.com', accountsHost='https://api.mojang.com', sessionHost='https://sessionserver.mojang.com', servicesHost='https://api.minecraftservices.com', name='PROD'
[20:40:44] [Render thread/INFO]: Setting user: TreSet
[20:40:44] [Render thread/INFO]: Backend library: LWJGL version 3.3.1 build 7
[20:40:44] [Render thread/INFO]: Found non-pack entry 'D:\Hannes\Coding\gits\minecraft-launcher\launcher_mockup\resourcepack_data\resourcepacks_sha1\manifest.json', ignoring
[20:40:45] [Render thread/INFO]: Narrator library for x64 successfully loaded
[20:40:45] [Render thread/INFO]: Reloading ResourceManager: vanilla
[20:40:46] [Render thread/WARN]: Missing sound for event: minecraft:item.goat_horn.play
[20:40:46] [Render thread/WARN]: Missing sound for event: minecraft:entity.goat.screaming.horn_break
[20:40:46] [Render thread/WARN]: Missing sound for event: minecraft:music.overworld.cherry_grove
[20:40:46] [Render thread/INFO]: OpenAL initialized on device OpenAL Soft on CABLE Input (VB-Audio Virtual Cable)
[20:40:46] [Render thread/INFO]: Sound engine started
[20:40:46] [Render thread/INFO]: Created: 1024x512x4 minecraft:textures/atlas/blocks.png-atlas
[20:40:46] [Render thread/INFO]: Created: 256x256x4 minecraft:textures/atlas/signs.png-atlas
[20:40:46] [Render thread/INFO]: Created: 512x512x4 minecraft:textures/atlas/shield_patterns.png-atlas
[20:40:46] [Render thread/INFO]: Created: 512x512x4 minecraft:textures/atlas/banner_patterns.png-atlas
[20:40:46] [Render thread/INFO]: Created: 1024x1024x4 minecraft:textures/atlas/armor_trims.png-atlas
[20:40:46] [Render thread/INFO]: Created: 64x64x4 minecraft:textures/atlas/decorated_pot.png-atlas
[20:40:46] [Render thread/INFO]: Created: 256x256x4 minecraft:textures/atlas/chest.png-atlas
[20:40:46] [Render thread/INFO]: Created: 512x256x4 minecraft:textures/atlas/shulker_boxes.png-atlas
[20:40:46] [Render thread/INFO]: Created: 512x256x4 minecraft:textures/atlas/beds.png-atlas
[20:40:46] [Render thread/WARN]: Shader rendertype_entity_translucent_emissive could not find sampler named Sampler2 in the specified shader program.
[20:40:46] [Render thread/INFO]: Created: 256x256x0 minecraft:textures/atlas/particles.png-atlas
[20:40:46] [Render thread/INFO]: Created: 256x256x0 minecraft:textures/atlas/paintings.png-atlas
[20:40:46] [Render thread/INFO]: Created: 128x128x0 minecraft:textures/atlas/mob_effects.png-atlas
[20:40:50] [Render thread/INFO]: Found non-pack entry 'D:\Hannes\Coding\gits\minecraft-launcher\launcher_mockup\resourcepack_data\resourcepacks_sha1\manifest.json', ignoring
[20:41:25] [Render thread/INFO]: Found non-pack entry 'D:\Hannes\Coding\gits\minecraft-launcher\launcher_mockup\resourcepack_data\resourcepacks_sha1\manifest.json', ignoring
[20:41:25] [Render thread/INFO]: Reloading ResourceManager: vanilla
[20:41:25] [Render thread/WARN]: Missing sound for event: minecraft:item.goat_horn.play
[20:41:25] [Render thread/WARN]: Missing sound for event: minecraft:entity.goat.screaming.horn_break
[20:41:25] [Render thread/WARN]: Missing sound for event: minecraft:music.overworld.cherry_grove
[20:41:25] [Render thread/INFO]: OpenAL initialized on device OpenAL Soft on CABLE Input (VB-Audio Virtual Cable)
[20:41:25] [Render thread/INFO]: Sound engine started
[20:41:25] [Render thread/INFO]: Created: 1024x512x4 minecraft:textures/atlas/blocks.png-atlas
[20:41:25] [Render thread/INFO]: Created: 256x256x4 minecraft:textures/atlas/signs.png-atlas
[20:41:25] [Render thread/INFO]: Created: 512x512x4 minecraft:textures/atlas/shield_patterns.png-atlas
[20:41:25] [Render thread/INFO]: Created: 512x512x4 minecraft:textures/atlas/banner_patterns.png-atlas
[20:41:25] [Render thread/INFO]: Created: 1024x1024x4 minecraft:textures/atlas/armor_trims.png-atlas
[20:41:25] [Render thread/INFO]: Created: 64x64x4 minecraft:textures/atlas/decorated_pot.png-atlas
[20:41:25] [Render thread/INFO]: Created: 256x256x4 minecraft:textures/atlas/chest.png-atlas
[20:41:25] [Render thread/INFO]: Created: 512x256x4 minecraft:textures/atlas/shulker_boxes.png-atlas
[20:41:25] [Render thread/INFO]: Created: 512x256x4 minecraft:textures/atlas/beds.png-atlas
[20:41:25] [Render thread/WARN]: Shader rendertype_entity_translucent_emissive could not find sampler named Sampler2 in the specified shader program.
[20:41:25] [Render thread/INFO]: Created: 256x256x0 minecraft:textures/atlas/particles.png-atlas
[20:41:25] [Render thread/INFO]: Created: 256x256x0 minecraft:textures/atlas/paintings.png-atlas
[20:41:25] [Render thread/INFO]: Created: 128x128x0 minecraft:textures/atlas/mob_effects.png-atlas
[20:41:28] [Render thread/INFO]: Stopping!
