[13:44:02] [ERROR] [FabricLoader/]: Uncaught exception in thread "main"
java.nio.file.InvalidPathException: Illegal char <:> at index 58: D:/Hannes/Coding/gits/minecraft-launcher/launcher_mockup/D:/Hannes/Coding/gits/minecraft-launcher/launcher_mockup/libraries/net/fabricmc/tiny-mappings-parser/0.3.0+build.17/tiny-mappings-parser-0.3.0+build.17.jar
	at java.base/sun.nio.fs.WindowsPathParser.normalize(WindowsPathParser.java:182)
	at java.base/sun.nio.fs.WindowsPathParser.parse(WindowsPathParser.java:153)
	at java.base/sun.nio.fs.WindowsPathParser.parse(WindowsPathParser.java:77)
	at java.base/sun.nio.fs.WindowsPath.parse(WindowsPath.java:92)
	at java.base/sun.nio.fs.WindowsFileSystem.getPath(WindowsFileSystem.java:232)
	at java.base/java.nio.file.Path.of(Path.java:147)
	at java.base/java.nio.file.Paths.get(Paths.java:69)
	at net.fabricmc.loader.impl.launch.knot.Knot.init(Knot.java:116)
	at net.fabricmc.loader.impl.launch.knot.Knot.launch(Knot.java:68)
	at net.fabricmc.loader.impl.launch.knot.KnotClient.main(KnotClient.java:23)
	Suppressed: java.lang.NoClassDefFoundError: net/fabricmc/accesswidener/AccessWidenerVisitor
		at net.fabricmc.loader.impl.launch.FabricLauncherBase$1.uncaughtException(FabricLauncherBase.java:104)
		at java.base/java.lang.ThreadGroup.uncaughtException(ThreadGroup.java:1082)
		at java.base/java.lang.ThreadGroup.uncaughtException(ThreadGroup.java:1077)
		at java.base/java.lang.Thread.dispatchUncaughtException(Thread.java:2008)
	Caused by: java.lang.ClassNotFoundException: net.fabricmc.accesswidener.AccessWidenerVisitor
		at java.base/jdk.internal.loader.BuiltinClassLoader.loadClass(BuiltinClassLoader.java:641)
		at java.base/jdk.internal.loader.ClassLoaders$AppClassLoader.loadClass(ClassLoaders.java:188)
		at java.base/java.lang.ClassLoader.loadClass(ClassLoader.java:520)
		... 4 more
