[10:52:40] [main/INFO]: Loading Minecraft 1.19.4 with Fabric Loader 0.14.19
[10:52:40] [main/INFO]: Loading 56 mods:
	- fabric-api 0.78.0+1.19.4
	   |-- fabric-api-base 0.4.23+9ff28bcef4
	   |-- fabric-api-lookup-api-v1 1.6.24+49abcf7ef4
	   |-- fabric-biome-api-v1 13.0.6+348a9c64f4
	   |-- fabric-block-api-v1 1.0.5+e022e5d1f4
	   |-- fabric-blockrenderlayer-v1 1.1.33+c2e6f674f4
	   |-- fabric-client-tags-api-v1 1.0.14+1134c5b8f4
	   |-- fabric-command-api-v1 1.2.26+f71b366ff4
	   |-- fabric-command-api-v2 2.2.5+e719b857f4
	   |-- fabric-commands-v0 0.2.43+df3654b3f4
	   |-- fabric-containers-v0 0.1.53+df3654b3f4
	   |-- fabric-content-registries-v0 3.5.8+ae0966baf4
	   |-- fabric-convention-tags-v1 1.4.0+9a7c5daaf4
	   |-- fabric-crash-report-info-v1 0.2.14+aeb40ebef4
	   |-- fabric-data-generation-api-v1 11.3.7+5da15ca1f4
	   |-- fabric-dimensions-v1 2.1.44+7f87f8faf4
	   |-- fabric-entity-events-v1 1.5.12+e45f7c65f4
	   |-- fabric-events-interaction-v0 0.4.42+a1ccd7bff4
	   |-- fabric-events-lifecycle-v0 0.2.51+df3654b3f4
	   |-- fabric-game-rule-api-v1 1.0.32+a1ccd7bff4
	   |-- fabric-item-api-v1 2.1.16+09a3510cf4
	   |-- fabric-item-group-api-v1 3.0.4+043f9acff4
	   |-- fabric-key-binding-api-v1 1.0.32+c477957ef4
	   |-- fabric-keybindings-v0 0.2.30+df3654b3f4
	   |-- fabric-lifecycle-events-v1 2.2.14+5da15ca1f4
	   |-- fabric-loot-api-v2 1.1.26+75e98211f4
	   |-- fabric-loot-tables-v1 1.1.30+9e7660c6f4
	   |-- fabric-message-api-v1 5.1.0+1ee8be40f4
	   |-- fabric-mining-level-api-v1 2.1.38+49abcf7ef4
	   |-- fabric-models-v0 0.3.29+11ba9c3bf4
	   |-- fabric-networking-api-v1 1.3.0+a6f3ccfaf4
	   |-- fabric-networking-v0 0.3.40+df3654b3f4
	   |-- fabric-object-builder-api-v1 7.0.2+63b515f4f4
	   |-- fabric-particles-v1 1.0.22+f1e4495bf4
	   |-- fabric-recipe-api-v1 1.0.7+a1ccd7bff4
	   |-- fabric-registry-sync-v0 2.1.3+a383ab97f4
	   |-- fabric-renderer-api-v1 2.2.4+81e8c576f4
	   |-- fabric-renderer-indigo 1.1.0+81e8c576f4
	   |-- fabric-renderer-registries-v1 3.2.37+df3654b3f4
	   |-- fabric-rendering-data-attachment-v1 0.3.27+afca2f3ef4
	   |-- fabric-rendering-fluids-v1 3.0.20+f1e4495bf4
	   |-- fabric-rendering-v0 1.1.40+df3654b3f4
	   |-- fabric-rendering-v1 2.1.0+8f878217f4
	   |-- fabric-resource-conditions-api-v1 2.3.0+e6c7d4eef4
	   |-- fabric-resource-loader-v0 0.11.1+1e1fb126f4
	   |-- fabric-screen-api-v1 1.0.44+8c25edb4f4
	   |-- fabric-screen-handler-api-v1 1.3.19+5da15ca1f4
	   |-- fabric-sound-api-v1 1.0.8+75e98211f4
	   |-- fabric-transfer-api-v1 3.1.0+d51205dbf4
	   \-- fabric-transitive-access-wideners-v1 3.0.2+63b515f4f4
	- fabricloader 0.14.19
	- java 17
	- minecraft 1.19.4
	- modmenu 6.1.0-rc.4
	- ridehud 1.2.3+1.19.x
	- vanillaconfig 1.2.7+1.19.4
[10:52:40] [main/INFO]: SpongePowered MIXIN Subsystem Version=0.8.5 Source=file:/D:/Hannes/Coding/gits/minecraft-launcher/launcher_mockup/libraries/net/fabricmc/sponge-mixin/0.12.4+mixin.0.8.5/sponge-mixin-0.12.4+mixin.0.8.5.jar Service=Knot/Fabric Env=CLIENT
[10:52:40] [main/INFO]: Compatibility level set to JAVA_16
[10:52:40] [main/INFO]: Compatibility level set to JAVA_17
[10:52:44] [Datafixer Bootstrap/INFO]: 180 Datafixer optimizations took 88 milliseconds
[10:52:45] [Render thread/INFO]: Environment: authHost='https://authserver.mojang.com', accountsHost='https://api.mojang.com', sessionHost='https://sessionserver.mojang.com', servicesHost='https://api.minecraftservices.com', name='PROD'
[10:52:46] [Render thread/INFO]: Setting user: TreSet
[10:52:46] [Render thread/INFO]: [Indigo] Registering Indigo renderer!
[10:52:46] [Worker-Main-1/INFO]: Checking mod updates...
[10:52:46] [Render thread/INFO]: Backend library: LWJGL version 3.3.1 SNAPSHOT
[10:52:47] [Render thread/INFO]: Found non-pack entry 'D:\Hannes\Coding\gits\minecraft-launcher\launcher_mockup\resourcepack_data\resourcepacks_sha1\manifest.json', ignoring
[10:52:47] [Render thread/INFO]: Reloading ResourceManager: vanilla, Fabric Mods (Fabric API, Fabric API Base, Fabric API Lookup API (v1), Fabric Biome API (v1), Fabric Block API (v1), Fabric BlockRenderLayer Registration (v1), Fabric Client Tags, Fabric Command API (v1), Fabric Command API (v2), Fabric Commands (v0), Fabric Containers (v0), Fabric Content Registries (v0), Fabric Convention Tags, Fabric Crash Report Info (v1), Fabric Data Generation API (v1), Fabric Dimensions API (v1), Fabric Entity Events (v1), Fabric Events Interaction (v0), Fabric Events Lifecycle (v0), Fabric Game Rule API (v1), Fabric Item API (v1), Fabric Item Group API (v1), Fabric Key Binding API (v1), Fabric Key Bindings (v0), Fabric Lifecycle Events (v1), Fabric Loot API (v2), Fabric Loot Tables (v1), Fabric Message API (v1), Fabric Mining Level API (v1), Fabric Models (v0), Fabric Networking API (v1), Fabric Networking (v0), Fabric Object Builder API (v1), Fabric Particles (v1), Fabric Recipe API (v1), Fabric Registry Sync (v0), Fabric Renderer API (v1), Fabric Renderer - Indigo, Fabric Renderer Registries (v1), Fabric Rendering Data Attachment (v1), Fabric Rendering Fluids (v1), Fabric Rendering (v0), Fabric Rendering (v1), Fabric Resource Conditions API (v1), Fabric Resource Loader (v0), Fabric Screen API (v1), Fabric Screen Handler API (v1), Fabric Sound API (v1), Fabric Transfer API (v1), Fabric Transitive Access Wideners (v1), Fabric Loader, Mod Menu, Ride Hud, Vanilla Config)
[10:52:48] [Render thread/WARN]: Missing sound for event: minecraft:item.goat_horn.play
[10:52:48] [Render thread/WARN]: Missing sound for event: minecraft:entity.goat.screaming.horn_break
[10:52:48] [Render thread/WARN]: Missing sound for event: minecraft:music.overworld.cherry_grove
[10:52:48] [Worker-Main-1/INFO]: Update available for 'modmenu@6.1.0-rc.4', (-> 6.2.2)
[10:52:48] [Worker-Main-1/INFO]: Update available for 'fabric-api@0.78.0+1.19.4', (-> 0.80.0+1.19.4)
[10:52:48] [Render thread/INFO]: OpenAL initialized on device OpenAL Soft on CABLE Input (VB-Audio Virtual Cable)
[10:52:48] [Render thread/INFO]: Sound engine started
[10:52:48] [Render thread/INFO]: Created: 1024x512x4 minecraft:textures/atlas/blocks.png-atlas
[10:52:48] [Render thread/INFO]: Created: 256x256x4 minecraft:textures/atlas/signs.png-atlas
[10:52:48] [Render thread/INFO]: Created: 512x512x4 minecraft:textures/atlas/shield_patterns.png-atlas
[10:52:48] [Render thread/INFO]: Created: 512x512x4 minecraft:textures/atlas/banner_patterns.png-atlas
[10:52:48] [Render thread/INFO]: Created: 1024x1024x4 minecraft:textures/atlas/armor_trims.png-atlas
[10:52:48] [Render thread/INFO]: Created: 256x256x4 minecraft:textures/atlas/chest.png-atlas
[10:52:48] [Render thread/INFO]: Created: 64x64x4 minecraft:textures/atlas/decorated_pot.png-atlas
[10:52:48] [Render thread/INFO]: Created: 512x256x4 minecraft:textures/atlas/shulker_boxes.png-atlas
[10:52:48] [Render thread/INFO]: Created: 512x256x4 minecraft:textures/atlas/beds.png-atlas
[10:52:48] [Render thread/WARN]: Shader rendertype_entity_translucent_emissive could not find sampler named Sampler2 in the specified shader program.
[10:52:48] [Render thread/INFO]: Created: 256x256x0 minecraft:textures/atlas/particles.png-atlas
[10:52:48] [Render thread/INFO]: Created: 256x256x0 minecraft:textures/atlas/paintings.png-atlas
[10:52:48] [Render thread/INFO]: Created: 128x128x0 minecraft:textures/atlas/mob_effects.png-atlas
[10:52:52] [Render thread/INFO]: Loaded 7 recipes
[10:52:53] [Render thread/INFO]: Loaded 1179 advancements
[10:52:53] [Render thread/INFO]: Applied 0 biome modifications to 0 of 63 new biomes in 1.140 ms
[10:52:53] [Server thread/INFO]: Starting integrated minecraft server version 1.19.4
[10:52:53] [Server thread/INFO]: Generating keypair
[10:52:54] [Server thread/INFO]: Preparing start region for dimension minecraft:overworld
[10:52:56] [Render thread/INFO]: Preparing spawn area: 0%
[10:52:56] [Render thread/INFO]: Preparing spawn area: 0%
[10:52:56] [Render thread/INFO]: Preparing spawn area: 0%
[10:52:56] [Render thread/INFO]: Preparing spawn area: 0%
[10:52:56] [Render thread/INFO]: Preparing spawn area: 34%
[10:52:56] [Render thread/INFO]: Time elapsed: 2287 ms
[10:52:56] [Server thread/INFO]: Changing view distance to 12, from 10
[10:52:56] [Server thread/INFO]: Changing simulation distance to 12, from 0
[10:52:57] [Server thread/INFO]: TreSet[local:E:b3457683] logged in with entity id 171 at (107.30032690224547, 74.0, 22.944043551171184)
[10:52:57] [Server thread/INFO]: TreSet joined the game
[10:52:57] [Render thread/INFO]: Loaded 2 advancements
[10:53:08] [Server thread/INFO]: Saving and pausing game...
[10:53:08] [Server thread/INFO]: Saving chunks for level 'ServerLevel[New World]'/minecraft:overworld
[10:53:08] [Server thread/INFO]: Saving chunks for level 'ServerLevel[New World]'/minecraft:the_nether
[10:53:08] [Server thread/INFO]: Saving chunks for level 'ServerLevel[New World]'/minecraft:the_end
[10:53:13] [Server thread/INFO]: Saving and pausing game...
[10:53:13] [Server thread/INFO]: Saving chunks for level 'ServerLevel[New World]'/minecraft:overworld
[10:53:13] [Server thread/INFO]: Saving chunks for level 'ServerLevel[New World]'/minecraft:the_nether
[10:53:13] [Server thread/INFO]: Saving chunks for level 'ServerLevel[New World]'/minecraft:the_end
[10:53:13] [Server thread/INFO]: TreSet lost connection: Disconnected
[10:53:13] [Server thread/INFO]: TreSet left the game
[10:53:13] [Server thread/INFO]: Stopping singleplayer server as player logged out
[10:53:13] [Server thread/INFO]: Stopping server
[10:53:13] [Server thread/INFO]: Saving players
[10:53:13] [Server thread/INFO]: Saving worlds
[10:53:14] [Server thread/INFO]: Saving chunks for level 'ServerLevel[New World]'/minecraft:overworld
[10:53:14] [Server thread/INFO]: Saving chunks for level 'ServerLevel[New World]'/minecraft:the_nether
[10:53:14] [Server thread/INFO]: Saving chunks for level 'ServerLevel[New World]'/minecraft:the_end
[10:53:14] [Server thread/INFO]: ThreadedAnvilChunkStorage (New World): All chunks are saved
[10:53:14] [Server thread/INFO]: ThreadedAnvilChunkStorage (DIM-1): All chunks are saved
[10:53:14] [Server thread/INFO]: ThreadedAnvilChunkStorage (DIM1): All chunks are saved
[10:53:14] [Server thread/INFO]: ThreadedAnvilChunkStorage: All dimensions are saved
[10:53:15] [Render thread/INFO]: Stopping!
